# JRE version: OpenJDK Runtime Environment (8.0_152-b06) (build 1.8.0_152-release-1136-b06)
# Java VM: OpenJDK 64-Bit Server VM (25.152-b06 mixed mode windows-amd64 compressed oops)
Heap:
 PSYoungGen      total 79872K, used 10633K [0x00000000d5f00000, 0x00000000dd180000, 0x0000000100000000)
  eden space 63488K, 0% used [0x00000000d5f00000,0x00000000d5f00000,0x00000000d9d00000)
  from space 16384K, 64% used [0x00000000d9d00000,0x00000000da7627d8,0x00000000dad00000)
  to   space 15360K, 0% used [0x00000000dc280000,0x00000000dc280000,0x00000000dd180000)
 ParOldGen       total 116736K, used 20055K [0x0000000081c00000, 0x0000000088e00000, 0x00000000d5f00000)
  object space 116736K, 17% used [0x0000000081c00000,0x0000000082f95f38,0x0000000088e00000)
 Metaspace       used 38660K, capacity 39292K, committed 39592K, reserved 1089536K
  class space    used 4810K, capacity 4957K, committed 5040K, reserved 1048576K
GC Heap History (10 events):
Event: 1.342 GC heap before
{Heap before GC invocations=4 (full 1):
 PSYoungGen      total 38400K, used 5104K [0x00000000d5f00000, 0x00000000daa00000, 0x0000000100000000)
  eden space 33280K, 0% used [0x00000000d5f00000,0x00000000d5f00000,0x00000000d7f80000)
  from space 5120K, 99% used [0x00000000d7f80000,0x00000000d847c030,0x00000000d8480000)
  to   space 5120K, 0% used [0x00000000da500000,0x00000000da500000,0x00000000daa00000)
 ParOldGen       total 87552K, used 11563K [0x0000000081c00000, 0x0000000087180000, 0x00000000d5f00000)
  object space 87552K, 13% used [0x0000000081c00000,0x000000008274ac50,0x0000000087180000)
 Metaspace       used 20762K, capacity 21124K, committed 21296K, reserved 1067008K
  class space    used 2667K, capacity 2818K, committed 2864K, reserved 1048576K
Event: 1.368 GC heap after
Heap after GC invocations=4 (full 1):
 PSYoungGen      total 38400K, used 0K [0x00000000d5f00000, 0x00000000daa00000, 0x0000000100000000)
  eden space 33280K, 0% used [0x00000000d5f00000,0x00000000d5f00000,0x00000000d7f80000)
  from space 5120K, 0% used [0x00000000d7f80000,0x00000000d7f80000,0x00000000d8480000)
  to   space 5120K, 0% used [0x00000000da500000,0x00000000da500000,0x00000000daa00000)
 ParOldGen       total 67072K, used 8228K [0x0000000081c00000, 0x0000000085d80000, 0x00000000d5f00000)
  object space 67072K, 12% used [0x0000000081c00000,0x0000000082409168,0x0000000085d80000)
 Metaspace       used 20762K, capacity 21124K, committed 21296K, reserved 1067008K
  class space    used 2667K, capacity 2818K, committed 2864K, reserved 1048576K
}
Event: 2.569 GC heap before
{Heap before GC invocations=5 (full 1):
 PSYoungGen      total 38400K, used 33280K [0x00000000d5f00000, 0x00000000daa00000, 0x0000000100000000)
  eden space 33280K, 100% used [0x00000000d5f00000,0x00000000d7f80000,0x00000000d7f80000)
  from space 5120K, 0% used [0x00000000d7f80000,0x00000000d7f80000,0x00000000d8480000)
  to   space 5120K, 0% used [0x00000000da500000,0x00000000da500000,0x00000000daa00000)
 ParOldGen       total 67072K, used 8228K [0x0000000081c00000, 0x0000000085d80000, 0x00000000d5f00000)
  object space 67072K, 12% used [0x0000000081c00000,0x0000000082409168,0x0000000085d80000)
 Metaspace       used 24418K, capacity 24828K, committed 25136K, reserved 1071104K
  class space    used 3127K, capacity 3250K, committed 3376K, reserved 1048576K
Event: 2.574 GC heap after
Heap after GC invocations=5 (full 1):
 PSYoungGen      total 51200K, used 5114K [0x00000000d5f00000, 0x00000000daa00000, 0x0000000100000000)
  eden space 46080K, 0% used [0x00000000d5f00000,0x00000000d5f00000,0x00000000d8c00000)
  from space 5120K, 99% used [0x00000000da500000,0x00000000da9feaf8,0x00000000daa00000)
  to   space 5120K, 0% used [0x00000000da000000,0x00000000da000000,0x00000000da500000)
 ParOldGen       total 67072K, used 11061K [0x0000000081c00000, 0x0000000085d80000, 0x00000000d5f00000)
  object space 67072K, 16% used [0x0000000081c00000,0x00000000826cd5a8,0x0000000085d80000)
 Metaspace       used 24418K, capacity 24828K, committed 25136K, reserved 1071104K
  class space    used 3127K, capacity 3250K, committed 3376K, reserved 1048576K
}
Event: 3.269 GC heap before
{Heap before GC invocations=6 (full 1):
 PSYoungGen      total 51200K, used 51194K [0x00000000d5f00000, 0x00000000daa00000, 0x0000000100000000)
  eden space 46080K, 100% used [0x00000000d5f00000,0x00000000d8c00000,0x00000000d8c00000)
  from space 5120K, 99% used [0x00000000da500000,0x00000000da9feaf8,0x00000000daa00000)
  to   space 5120K, 0% used [0x00000000da000000,0x00000000da000000,0x00000000da500000)
 ParOldGen       total 67072K, used 11061K [0x0000000081c00000, 0x0000000085d80000, 0x00000000d5f00000)
  object space 67072K, 16% used [0x0000000081c00000,0x00000000826cd5a8,0x0000000085d80000)
 Metaspace       used 32540K, capacity 33008K, committed 33200K, reserved 1079296K
  class space    used 4131K, capacity 4272K, committed 4272K, reserved 1048576K
Event: 3.279 GC heap after
Heap after GC invocations=6 (full 1):
 PSYoungGen      total 69120K, used 5107K [0x00000000d5f00000, 0x00000000dbc80000, 0x0000000100000000)
  eden space 64000K, 0% used [0x00000000d5f00000,0x00000000d5f00000,0x00000000d9d80000)
  from space 5120K, 99% used [0x00000000da000000,0x00000000da4fcea0,0x00000000da500000)
  to   space 15872K, 0% used [0x00000000dad00000,0x00000000dad00000,0x00000000dbc80000)
 ParOldGen       total 67072K, used 22747K [0x0000000081c00000, 0x0000000085d80000, 0x00000000d5f00000)
  object space 67072K, 33% used [0x0000000081c00000,0x0000000083236fb0,0x0000000085d80000)
 Metaspace       used 32540K, capacity 33008K, committed 33200K, reserved 1079296K
  class space    used 4131K, capacity 4272K, committed 4272K, reserved 1048576K
}
Event: 3.644 GC heap before
{Heap before GC invocations=7 (full 1):
 PSYoungGen      total 69120K, used 44700K [0x00000000d5f00000, 0x00000000dbc80000, 0x0000000100000000)
  eden space 64000K, 61% used [0x00000000d5f00000,0x00000000d85aa3f0,0x00000000d9d80000)
  from space 5120K, 99% used [0x00000000da000000,0x00000000da4fcea0,0x00000000da500000)
  to   space 15872K, 0% used [0x00000000dad00000,0x00000000dad00000,0x00000000dbc80000)
 ParOldGen       total 67072K, used 22747K [0x0000000081c00000, 0x0000000085d80000, 0x00000000d5f00000)
  object space 67072K, 33% used [0x0000000081c00000,0x0000000083236fb0,0x0000000085d80000)
 Metaspace       used 34682K, capacity 35195K, committed 35496K, reserved 1081344K
  class space    used 4368K, capacity 4506K, committed 4528K, reserved 1048576K
Event: 3.651 GC heap after
Heap after GC invocations=7 (full 1):
 PSYoungGen      total 79360K, used 12177K [0x00000000d5f00000, 0x00000000dd800000, 0x0000000100000000)
  eden space 63488K, 0% used [0x00000000d5f00000,0x00000000d5f00000,0x00000000d9d00000)
  from space 15872K, 76% used [0x00000000dad00000,0x00000000db8e4568,0x00000000dbc80000)
  to   space 16384K, 0% used [0x00000000d9d00000,0x00000000d9d00000,0x00000000dad00000)
 ParOldGen       total 67072K, used 22755K [0x0000000081c00000, 0x0000000085d80000, 0x00000000d5f00000)
  object space 67072K, 33% used [0x0000000081c00000,0x0000000083238fb0,0x0000000085d80000)
 Metaspace       used 34682K, capacity 35195K, committed 35496K, reserved 1081344K
  class space    used 4368K, capacity 4506K, committed 4528K, reserved 1048576K
}
Event: 3.651 GC heap before
{Heap before GC invocations=8 (full 2):
 PSYoungGen      total 79360K, used 12177K [0x00000000d5f00000, 0x00000000dd800000, 0x0000000100000000)
  eden space 63488K, 0% used [0x00000000d5f00000,0x00000000d5f00000,0x00000000d9d00000)
  from space 15872K, 76% used [0x00000000dad00000,0x00000000db8e4568,0x00000000dbc80000)
  to   space 16384K, 0% used [0x00000000d9d00000,0x00000000d9d00000,0x00000000dad00000)
 ParOldGen       total 67072K, used 22755K [0x0000000081c00000, 0x0000000085d80000, 0x00000000d5f00000)
  object space 67072K, 33% used [0x0000000081c00000,0x0000000083238fb0,0x0000000085d80000)
 Metaspace       used 34682K, capacity 35195K, committed 35496K, reserved 1081344K
  class space    used 4368K, capacity 4506K, committed 4528K, reserved 1048576K
Event: 3.712 GC heap after
Heap after GC invocations=8 (full 2):
 PSYoungGen      total 79360K, used 0K [0x00000000d5f00000, 0x00000000dd800000, 0x0000000100000000)
  eden space 63488K, 0% used [0x00000000d5f00000,0x00000000d5f00000,0x00000000d9d00000)
  from space 15872K, 0% used [0x00000000dad00000,0x00000000dad00000,0x00000000dbc80000)
  to   space 16384K, 0% used [0x00000000d9d00000,0x00000000d9d00000,0x00000000dad00000)
 ParOldGen       total 116736K, used 20047K [0x0000000081c00000, 0x0000000088e00000, 0x00000000d5f00000)
  object space 116736K, 17% used [0x0000000081c00000,0x0000000082f93f38,0x0000000088e00000)
 Metaspace       used 34682K, capacity 35195K, committed 35496K, reserved 1081344K
  class space    used 4368K, capacity 4506K, committed 4528K, reserved 1048576K
}

