# JRE version: OpenJDK Runtime Environment (8.0_152-b06) (build 1.8.0_152-release-1136-b06)
# Java VM: OpenJDK 64-Bit Server VM (25.152-b06 mixed mode windows-amd64 compressed oops)
Heap:
 PSYoungGen      total 83456K, used 59230K [0x00000000d5f00000, 0x00000000dde80000, 0x0000000100000000)
  eden space 67584K, 87% used [0x00000000d5f00000,0x00000000d98d7980,0x00000000da100000)
  from space 15872K, 0% used [0x00000000db100000,0x00000000db100000,0x00000000dc080000)
  to   space 16384K, 0% used [0x00000000da100000,0x00000000da100000,0x00000000db100000)
 ParOldGen       total 112128K, used 19894K [0x0000000081c00000, 0x0000000088980000, 0x00000000d5f00000)
  object space 112128K, 17% used [0x0000000081c00000,0x0000000082f6da68,0x0000000088980000)
 Metaspace       used 38147K, capacity 38810K, committed 39168K, reserved 1083392K
  class space    used 4715K, capacity 4860K, committed 4864K, reserved 1048576K
GC Heap History (10 events):
Event: 1.200 GC heap before
{Heap before GC invocations=4 (full 1):
 PSYoungGen      total 38400K, used 5088K [0x00000000d5f00000, 0x00000000daa00000, 0x0000000100000000)
  eden space 33280K, 0% used [0x00000000d5f00000,0x00000000d5f00000,0x00000000d7f80000)
  from space 5120K, 99% used [0x00000000d7f80000,0x00000000d8478020,0x00000000d8480000)
  to   space 5120K, 0% used [0x00000000da500000,0x00000000da500000,0x00000000daa00000)
 ParOldGen       total 87552K, used 11471K [0x0000000081c00000, 0x0000000087180000, 0x00000000d5f00000)
  object space 87552K, 13% used [0x0000000081c00000,0x0000000082733f18,0x0000000087180000)
 Metaspace       used 20702K, capacity 21092K, committed 21248K, reserved 1067008K
  class space    used 2649K, capacity 2786K, committed 2816K, reserved 1048576K
Event: 1.224 GC heap after
Heap after GC invocations=4 (full 1):
 PSYoungGen      total 38400K, used 0K [0x00000000d5f00000, 0x00000000daa00000, 0x0000000100000000)
  eden space 33280K, 0% used [0x00000000d5f00000,0x00000000d5f00000,0x00000000d7f80000)
  from space 5120K, 0% used [0x00000000d7f80000,0x00000000d7f80000,0x00000000d8480000)
  to   space 5120K, 0% used [0x00000000da500000,0x00000000da500000,0x00000000daa00000)
 ParOldGen       total 65024K, used 8116K [0x0000000081c00000, 0x0000000085b80000, 0x00000000d5f00000)
  object space 65024K, 12% used [0x0000000081c00000,0x00000000823ed360,0x0000000085b80000)
 Metaspace       used 20702K, capacity 21092K, committed 21248K, reserved 1067008K
  class space    used 2649K, capacity 2786K, committed 2816K, reserved 1048576K
}
Event: 2.832 GC heap before
{Heap before GC invocations=5 (full 1):
 PSYoungGen      total 38400K, used 33280K [0x00000000d5f00000, 0x00000000daa00000, 0x0000000100000000)
  eden space 33280K, 100% used [0x00000000d5f00000,0x00000000d7f80000,0x00000000d7f80000)
  from space 5120K, 0% used [0x00000000d7f80000,0x00000000d7f80000,0x00000000d8480000)
  to   space 5120K, 0% used [0x00000000da500000,0x00000000da500000,0x00000000daa00000)
 ParOldGen       total 65024K, used 8116K [0x0000000081c00000, 0x0000000085b80000, 0x00000000d5f00000)
  object space 65024K, 12% used [0x0000000081c00000,0x00000000823ed360,0x0000000085b80000)
 Metaspace       used 24347K, capacity 24764K, committed 25088K, reserved 1071104K
  class space    used 3115K, capacity 3250K, committed 3328K, reserved 1048576K
Event: 2.837 GC heap after
Heap after GC invocations=5 (full 1):
 PSYoungGen      total 52736K, used 5110K [0x00000000d5f00000, 0x00000000daa00000, 0x0000000100000000)
  eden space 47616K, 0% used [0x00000000d5f00000,0x00000000d5f00000,0x00000000d8d80000)
  from space 5120K, 99% used [0x00000000da500000,0x00000000da9fd978,0x00000000daa00000)
  to   space 5120K, 0% used [0x00000000da000000,0x00000000da000000,0x00000000da500000)
 ParOldGen       total 65024K, used 10925K [0x0000000081c00000, 0x0000000085b80000, 0x00000000d5f00000)
  object space 65024K, 16% used [0x0000000081c00000,0x00000000826ab618,0x0000000085b80000)
 Metaspace       used 24347K, capacity 24764K, committed 25088K, reserved 1071104K
  class space    used 3115K, capacity 3250K, committed 3328K, reserved 1048576K
}
Event: 3.491 GC heap before
{Heap before GC invocations=6 (full 1):
 PSYoungGen      total 52736K, used 52726K [0x00000000d5f00000, 0x00000000daa00000, 0x0000000100000000)
  eden space 47616K, 100% used [0x00000000d5f00000,0x00000000d8d80000,0x00000000d8d80000)
  from space 5120K, 99% used [0x00000000da500000,0x00000000da9fd978,0x00000000daa00000)
  to   space 5120K, 0% used [0x00000000da000000,0x00000000da000000,0x00000000da500000)
 ParOldGen       total 65024K, used 10925K [0x0000000081c00000, 0x0000000085b80000, 0x00000000d5f00000)
  object space 65024K, 16% used [0x0000000081c00000,0x00000000826ab618,0x0000000085b80000)
 Metaspace       used 32568K, capacity 33072K, committed 33536K, reserved 1079296K
  class space    used 4133K, capacity 4272K, committed 4352K, reserved 1048576K
Event: 3.501 GC heap after
Heap after GC invocations=6 (full 1):
 PSYoungGen      total 71680K, used 5118K [0x00000000d5f00000, 0x00000000dc080000, 0x0000000100000000)
  eden space 66560K, 0% used [0x00000000d5f00000,0x00000000d5f00000,0x00000000da000000)
  from space 5120K, 99% used [0x00000000da000000,0x00000000da4ffb18,0x00000000da500000)
  to   space 15872K, 0% used [0x00000000db100000,0x00000000db100000,0x00000000dc080000)
 ParOldGen       total 65024K, used 22682K [0x0000000081c00000, 0x0000000085b80000, 0x00000000d5f00000)
  object space 65024K, 34% used [0x0000000081c00000,0x0000000083226960,0x0000000085b80000)
 Metaspace       used 32568K, capacity 33072K, committed 33536K, reserved 1079296K
  class space    used 4133K, capacity 4272K, committed 4352K, reserved 1048576K
}
Event: 3.835 GC heap before
{Heap before GC invocations=7 (full 1):
 PSYoungGen      total 71680K, used 41883K [0x00000000d5f00000, 0x00000000dc080000, 0x0000000100000000)
  eden space 66560K, 55% used [0x00000000d5f00000,0x00000000d82e71f8,0x00000000da000000)
  from space 5120K, 99% used [0x00000000da000000,0x00000000da4ffb18,0x00000000da500000)
  to   space 15872K, 0% used [0x00000000db100000,0x00000000db100000,0x00000000dc080000)
 ParOldGen       total 65024K, used 22682K [0x0000000081c00000, 0x0000000085b80000, 0x00000000d5f00000)
  object space 65024K, 34% used [0x0000000081c00000,0x0000000083226960,0x0000000085b80000)
 Metaspace       used 34575K, capacity 35067K, committed 35416K, reserved 1081344K
  class space    used 4352K, capacity 4506K, committed 4608K, reserved 1048576K
Event: 3.844 GC heap after
Heap after GC invocations=7 (full 1):
 PSYoungGen      total 83456K, used 12076K [0x00000000d5f00000, 0x00000000dde80000, 0x0000000100000000)
  eden space 67584K, 0% used [0x00000000d5f00000,0x00000000d5f00000,0x00000000da100000)
  from space 15872K, 76% used [0x00000000db100000,0x00000000dbccb1e0,0x00000000dc080000)
  to   space 16384K, 0% used [0x00000000da100000,0x00000000da100000,0x00000000db100000)
 ParOldGen       total 65024K, used 22690K [0x0000000081c00000, 0x0000000085b80000, 0x00000000d5f00000)
  object space 65024K, 34% used [0x0000000081c00000,0x0000000083228960,0x0000000085b80000)
 Metaspace       used 34575K, capacity 35067K, committed 35416K, reserved 1081344K
  class space    used 4352K, capacity 4506K, committed 4608K, reserved 1048576K
}
Event: 3.844 GC heap before
{Heap before GC invocations=8 (full 2):
 PSYoungGen      total 83456K, used 12076K [0x00000000d5f00000, 0x00000000dde80000, 0x0000000100000000)
  eden space 67584K, 0% used [0x00000000d5f00000,0x00000000d5f00000,0x00000000da100000)
  from space 15872K, 76% used [0x00000000db100000,0x00000000dbccb1e0,0x00000000dc080000)
  to   space 16384K, 0% used [0x00000000da100000,0x00000000da100000,0x00000000db100000)
 ParOldGen       total 65024K, used 22690K [0x0000000081c00000, 0x0000000085b80000, 0x00000000d5f00000)
  object space 65024K, 34% used [0x0000000081c00000,0x0000000083228960,0x0000000085b80000)
 Metaspace       used 34575K, capacity 35067K, committed 35416K, reserved 1081344K
  class space    used 4352K, capacity 4506K, committed 4608K, reserved 1048576K
Event: 3.915 GC heap after
Heap after GC invocations=8 (full 2):
 PSYoungGen      total 83456K, used 0K [0x00000000d5f00000, 0x00000000dde80000, 0x0000000100000000)
  eden space 67584K, 0% used [0x00000000d5f00000,0x00000000d5f00000,0x00000000da100000)
  from space 15872K, 0% used [0x00000000db100000,0x00000000db100000,0x00000000dc080000)
  to   space 16384K, 0% used [0x00000000da100000,0x00000000da100000,0x00000000db100000)
 ParOldGen       total 112128K, used 19894K [0x0000000081c00000, 0x0000000088980000, 0x00000000d5f00000)
  object space 112128K, 17% used [0x0000000081c00000,0x0000000082f6da68,0x0000000088980000)
 Metaspace       used 34575K, capacity 35067K, committed 35416K, reserved 1081344K
  class space    used 4352K, capacity 4506K, committed 4608K, reserved 1048576K
}

