# JRE version: OpenJDK Runtime Environment (8.0_152-b06) (build 1.8.0_152-release-1136-b06)
# Java VM: OpenJDK 64-Bit Server VM (25.152-b06 mixed mode windows-amd64 compressed oops)
Heap:
 PSYoungGen      total 202752K, used 85486K [0x00000000e0000000, 0x00000000efc80000, 0x0000000100000000)
  eden space 181248K, 35% used [0x00000000e0000000,0x00000000e3e7f658,0x00000000eb100000)
  from space 21504K, 99% used [0x00000000eb100000,0x00000000ec5fc520,0x00000000ec600000)
  to   space 24576K, 0% used [0x00000000ee480000,0x00000000ee480000,0x00000000efc80000)
 ParOldGen       total 156160K, used 38358K [0x00000000a0000000, 0x00000000a9880000, 0x00000000e0000000)
  object space 156160K, 24% used [0x00000000a0000000,0x00000000a2575b18,0x00000000a9880000)
 Metaspace       used 63051K, capacity 65270K, committed 65368K, reserved 1105920K
  class space    used 8545K, capacity 9071K, committed 9088K, reserved 1048576K
GC Heap History (10 events):
Event: 5.148 GC heap before
{Heap before GC invocations=10 (full 2):
 PSYoungGen      total 165888K, used 10753K [0x00000000e0000000, 0x00000000edb80000, 0x0000000100000000)
  eden space 152576K, 0% used [0x00000000e0000000,0x00000000e0000000,0x00000000e9500000)
  from space 13312K, 80% used [0x00000000ea280000,0x00000000ead006c0,0x00000000eaf80000)
  to   space 13824K, 0% used [0x00000000e9500000,0x00000000e9500000,0x00000000ea280000)
 ParOldGen       total 62464K, used 11707K [0x00000000a0000000, 0x00000000a3d00000, 0x00000000e0000000)
  object space 62464K, 18% used [0x00000000a0000000,0x00000000a0b6ee68,0x00000000a3d00000)
 Metaspace       used 34468K, capacity 35286K, committed 35416K, reserved 1079296K
  class space    used 4735K, capacity 4991K, committed 4992K, reserved 1048576K
Event: 5.207 GC heap after
Heap after GC invocations=10 (full 2):
 PSYoungGen      total 165888K, used 0K [0x00000000e0000000, 0x00000000edb80000, 0x0000000100000000)
  eden space 152576K, 0% used [0x00000000e0000000,0x00000000e0000000,0x00000000e9500000)
  from space 13312K, 0% used [0x00000000ea280000,0x00000000ea280000,0x00000000eaf80000)
  to   space 13824K, 0% used [0x00000000e9500000,0x00000000e9500000,0x00000000ea280000)
 ParOldGen       total 99840K, used 16907K [0x00000000a0000000, 0x00000000a6180000, 0x00000000e0000000)
  object space 99840K, 16% used [0x00000000a0000000,0x00000000a1082cb8,0x00000000a6180000)
 Metaspace       used 34417K, capacity 35154K, committed 35416K, reserved 1079296K
  class space    used 4721K, capacity 4947K, committed 4992K, reserved 1048576K
}
Event: 9.085 GC heap before
{Heap before GC invocations=11 (full 2):
 PSYoungGen      total 165888K, used 152576K [0x00000000e0000000, 0x00000000edb80000, 0x0000000100000000)
  eden space 152576K, 100% used [0x00000000e0000000,0x00000000e9500000,0x00000000e9500000)
  from space 13312K, 0% used [0x00000000ea280000,0x00000000ea280000,0x00000000eaf80000)
  to   space 13824K, 0% used [0x00000000e9500000,0x00000000e9500000,0x00000000ea280000)
 ParOldGen       total 99840K, used 16907K [0x00000000a0000000, 0x00000000a6180000, 0x00000000e0000000)
  object space 99840K, 16% used [0x00000000a0000000,0x00000000a1082cb8,0x00000000a6180000)
 Metaspace       used 47044K, capacity 48070K, committed 48344K, reserved 1091584K
  class space    used 6280K, capacity 6623K, committed 6656K, reserved 1048576K
Event: 9.098 GC heap after
Heap after GC invocations=11 (full 2):
 PSYoungGen      total 166400K, used 13795K [0x00000000e0000000, 0x00000000ed700000, 0x0000000100000000)
  eden space 152576K, 0% used [0x00000000e0000000,0x00000000e0000000,0x00000000e9500000)
  from space 13824K, 99% used [0x00000000e9500000,0x00000000ea278f68,0x00000000ea280000)
  to   space 17408K, 0% used [0x00000000ec600000,0x00000000ec600000,0x00000000ed700000)
 ParOldGen       total 99840K, used 21544K [0x00000000a0000000, 0x00000000a6180000, 0x00000000e0000000)
  object space 99840K, 21% used [0x00000000a0000000,0x00000000a150a280,0x00000000a6180000)
 Metaspace       used 47044K, capacity 48070K, committed 48344K, reserved 1091584K
  class space    used 6280K, capacity 6623K, committed 6656K, reserved 1048576K
}
Event: 12.503 GC heap before
{Heap before GC invocations=12 (full 2):
 PSYoungGen      total 166400K, used 141577K [0x00000000e0000000, 0x00000000ed700000, 0x0000000100000000)
  eden space 152576K, 83% used [0x00000000e0000000,0x00000000e7cc9770,0x00000000e9500000)
  from space 13824K, 99% used [0x00000000e9500000,0x00000000ea278f68,0x00000000ea280000)
  to   space 17408K, 0% used [0x00000000ec600000,0x00000000ec600000,0x00000000ed700000)
 ParOldGen       total 99840K, used 21544K [0x00000000a0000000, 0x00000000a6180000, 0x00000000e0000000)
  object space 99840K, 21% used [0x00000000a0000000,0x00000000a150a280,0x00000000a6180000)
 Metaspace       used 57253K, capacity 59000K, committed 59028K, reserved 1099776K
  class space    used 7715K, capacity 8182K, committed 8192K, reserved 1048576K
Event: 12.519 GC heap after
Heap after GC invocations=12 (full 2):
 PSYoungGen      total 198656K, used 17385K [0x00000000e0000000, 0x00000000edc80000, 0x0000000100000000)
  eden space 181248K, 0% used [0x00000000e0000000,0x00000000e0000000,0x00000000eb100000)
  from space 17408K, 99% used [0x00000000ec600000,0x00000000ed6fa6e8,0x00000000ed700000)
  to   space 21504K, 0% used [0x00000000eb100000,0x00000000eb100000,0x00000000ec600000)
 ParOldGen       total 99840K, used 26218K [0x00000000a0000000, 0x00000000a6180000, 0x00000000e0000000)
  object space 99840K, 26% used [0x00000000a0000000,0x00000000a199a890,0x00000000a6180000)
 Metaspace       used 57253K, capacity 59000K, committed 59028K, reserved 1099776K
  class space    used 7715K, capacity 8182K, committed 8192K, reserved 1048576K
}
Event: 12.519 GC heap before
{Heap before GC invocations=13 (full 3):
 PSYoungGen      total 198656K, used 17385K [0x00000000e0000000, 0x00000000edc80000, 0x0000000100000000)
  eden space 181248K, 0% used [0x00000000e0000000,0x00000000e0000000,0x00000000eb100000)
  from space 17408K, 99% used [0x00000000ec600000,0x00000000ed6fa6e8,0x00000000ed700000)
  to   space 21504K, 0% used [0x00000000eb100000,0x00000000eb100000,0x00000000ec600000)
 ParOldGen       total 99840K, used 26218K [0x00000000a0000000, 0x00000000a6180000, 0x00000000e0000000)
  object space 99840K, 26% used [0x00000000a0000000,0x00000000a199a890,0x00000000a6180000)
 Metaspace       used 57253K, capacity 59000K, committed 59028K, reserved 1099776K
  class space    used 7715K, capacity 8182K, committed 8192K, reserved 1048576K
Event: 12.747 GC heap after
Heap after GC invocations=13 (full 3):
 PSYoungGen      total 198656K, used 0K [0x00000000e0000000, 0x00000000edc80000, 0x0000000100000000)
  eden space 181248K, 0% used [0x00000000e0000000,0x00000000e0000000,0x00000000eb100000)
  from space 17408K, 0% used [0x00000000ec600000,0x00000000ec600000,0x00000000ed700000)
  to   space 21504K, 0% used [0x00000000eb100000,0x00000000eb100000,0x00000000ec600000)
 ParOldGen       total 156160K, used 37549K [0x00000000a0000000, 0x00000000a9880000, 0x00000000e0000000)
  object space 156160K, 24% used [0x00000000a0000000,0x00000000a24ab6d0,0x00000000a9880000)
 Metaspace       used 57253K, capacity 59000K, committed 59028K, reserved 1099776K
  class space    used 7715K, capacity 8182K, committed 8192K, reserved 1048576K
}
Event: 15.903 GC heap before
{Heap before GC invocations=14 (full 3):
 PSYoungGen      total 198656K, used 181248K [0x00000000e0000000, 0x00000000edc80000, 0x0000000100000000)
  eden space 181248K, 100% used [0x00000000e0000000,0x00000000eb100000,0x00000000eb100000)
  from space 17408K, 0% used [0x00000000ec600000,0x00000000ec600000,0x00000000ed700000)
  to   space 21504K, 0% used [0x00000000eb100000,0x00000000eb100000,0x00000000ec600000)
 ParOldGen       total 156160K, used 37549K [0x00000000a0000000, 0x00000000a9880000, 0x00000000e0000000)
  object space 156160K, 24% used [0x00000000a0000000,0x00000000a24ab6d0,0x00000000a9880000)
 Metaspace       used 62053K, capacity 64216K, committed 64472K, reserved 1105920K
  class space    used 8397K, capacity 8951K, committed 8960K, reserved 1048576K
Event: 15.921 GC heap after
Heap after GC invocations=14 (full 3):
 PSYoungGen      total 202752K, used 21489K [0x00000000e0000000, 0x00000000efc80000, 0x0000000100000000)
  eden space 181248K, 0% used [0x00000000e0000000,0x00000000e0000000,0x00000000eb100000)
  from space 21504K, 99% used [0x00000000eb100000,0x00000000ec5fc520,0x00000000ec600000)
  to   space 24576K, 0% used [0x00000000ee480000,0x00000000ee480000,0x00000000efc80000)
 ParOldGen       total 156160K, used 38358K [0x00000000a0000000, 0x00000000a9880000, 0x00000000e0000000)
  object space 156160K, 24% used [0x00000000a0000000,0x00000000a2575b18,0x00000000a9880000)
 Metaspace       used 62053K, capacity 64216K, committed 64472K, reserved 1105920K
  class space    used 8397K, capacity 8951K, committed 8960K, reserved 1048576K
}

