# JRE version: OpenJDK Runtime Environment (8.0_152-b06) (build 1.8.0_152-release-1136-b06)
# Java VM: OpenJDK 64-Bit Server VM (25.152-b06 mixed mode windows-amd64 compressed oops)
Heap:
 PSYoungGen      total 80896K, used 22235K [0x00000000d5f00000, 0x00000000dd380000, 0x0000000100000000)
  eden space 64512K, 15% used [0x00000000d5f00000,0x00000000d68fe7e8,0x00000000d9e00000)
  from space 16384K, 73% used [0x00000000d9e00000,0x00000000da9b8478,0x00000000dae00000)
  to   space 15872K, 0% used [0x00000000dc400000,0x00000000dc400000,0x00000000dd380000)
 ParOldGen       total 66048K, used 20029K [0x0000000081c00000, 0x0000000085c80000, 0x00000000d5f00000)
  object space 66048K, 30% used [0x0000000081c00000,0x0000000082f8f770,0x0000000085c80000)
 Metaspace       used 41684K, capacity 42460K, committed 42920K, reserved 1087488K
  class space    used 5273K, capacity 5485K, committed 5552K, reserved 1048576K
GC Heap History (10 events):
Event: 2.536 GC heap before
{Heap before GC invocations=5 (full 1):
 PSYoungGen      total 38400K, used 33280K [0x00000000d5f00000, 0x00000000daa00000, 0x0000000100000000)
  eden space 33280K, 100% used [0x00000000d5f00000,0x00000000d7f80000,0x00000000d7f80000)
  from space 5120K, 0% used [0x00000000d7f80000,0x00000000d7f80000,0x00000000d8480000)
  to   space 5120K, 0% used [0x00000000da500000,0x00000000da500000,0x00000000daa00000)
 ParOldGen       total 66048K, used 8202K [0x0000000081c00000, 0x0000000085c80000, 0x00000000d5f00000)
  object space 66048K, 12% used [0x0000000081c00000,0x0000000082402838,0x0000000085c80000)
 Metaspace       used 24392K, capacity 24828K, committed 25136K, reserved 1071104K
  class space    used 3123K, capacity 3250K, committed 3376K, reserved 1048576K
Event: 2.541 GC heap after
Heap after GC invocations=5 (full 1):
 PSYoungGen      total 51712K, used 5092K [0x00000000d5f00000, 0x00000000daa00000, 0x0000000100000000)
  eden space 46592K, 0% used [0x00000000d5f00000,0x00000000d5f00000,0x00000000d8c80000)
  from space 5120K, 99% used [0x00000000da500000,0x00000000da9f9190,0x00000000daa00000)
  to   space 5120K, 0% used [0x00000000da000000,0x00000000da000000,0x00000000da500000)
 ParOldGen       total 66048K, used 11055K [0x0000000081c00000, 0x0000000085c80000, 0x00000000d5f00000)
  object space 66048K, 16% used [0x0000000081c00000,0x00000000826cbeb8,0x0000000085c80000)
 Metaspace       used 24392K, capacity 24828K, committed 25136K, reserved 1071104K
  class space    used 3123K, capacity 3250K, committed 3376K, reserved 1048576K
}
Event: 3.237 GC heap before
{Heap before GC invocations=6 (full 1):
 PSYoungGen      total 51712K, used 51684K [0x00000000d5f00000, 0x00000000daa00000, 0x0000000100000000)
  eden space 46592K, 100% used [0x00000000d5f00000,0x00000000d8c80000,0x00000000d8c80000)
  from space 5120K, 99% used [0x00000000da500000,0x00000000da9f9190,0x00000000daa00000)
  to   space 5120K, 0% used [0x00000000da000000,0x00000000da000000,0x00000000da500000)
 ParOldGen       total 66048K, used 11055K [0x0000000081c00000, 0x0000000085c80000, 0x00000000d5f00000)
  object space 66048K, 16% used [0x0000000081c00000,0x00000000826cbeb8,0x0000000085c80000)
 Metaspace       used 32588K, capacity 33072K, committed 33456K, reserved 1079296K
  class space    used 4135K, capacity 4272K, committed 4272K, reserved 1048576K
Event: 3.246 GC heap after
Heap after GC invocations=6 (full 1):
 PSYoungGen      total 70144K, used 5118K [0x00000000d5f00000, 0x00000000dbd80000, 0x0000000100000000)
  eden space 65024K, 0% used [0x00000000d5f00000,0x00000000d5f00000,0x00000000d9e80000)
  from space 5120K, 99% used [0x00000000da000000,0x00000000da4ffb18,0x00000000da500000)
  to   space 15872K, 0% used [0x00000000dae00000,0x00000000dae00000,0x00000000dbd80000)
 ParOldGen       total 66048K, used 22804K [0x0000000081c00000, 0x0000000085c80000, 0x00000000d5f00000)
  object space 66048K, 34% used [0x0000000081c00000,0x0000000083245258,0x0000000085c80000)
 Metaspace       used 32588K, capacity 33072K, committed 33456K, reserved 1079296K
  class space    used 4135K, capacity 4272K, committed 4272K, reserved 1048576K
}
Event: 3.594 GC heap before
{Heap before GC invocations=7 (full 1):
 PSYoungGen      total 70144K, used 44113K [0x00000000d5f00000, 0x00000000dbd80000, 0x0000000100000000)
  eden space 65024K, 59% used [0x00000000d5f00000,0x00000000d8514bd0,0x00000000d9e80000)
  from space 5120K, 99% used [0x00000000da000000,0x00000000da4ffb18,0x00000000da500000)
  to   space 15872K, 0% used [0x00000000dae00000,0x00000000dae00000,0x00000000dbd80000)
 ParOldGen       total 66048K, used 22804K [0x0000000081c00000, 0x0000000085c80000, 0x00000000d5f00000)
  object space 66048K, 34% used [0x0000000081c00000,0x0000000083245258,0x0000000085c80000)
 Metaspace       used 34684K, capacity 35195K, committed 35496K, reserved 1081344K
  class space    used 4367K, capacity 4506K, committed 4528K, reserved 1048576K
Event: 3.603 GC heap after
Heap after GC invocations=7 (full 1):
 PSYoungGen      total 80384K, used 12093K [0x00000000d5f00000, 0x00000000dda80000, 0x0000000100000000)
  eden space 64512K, 0% used [0x00000000d5f00000,0x00000000d5f00000,0x00000000d9e00000)
  from space 15872K, 76% used [0x00000000dae00000,0x00000000db9cf628,0x00000000dbd80000)
  to   space 16384K, 0% used [0x00000000d9e00000,0x00000000d9e00000,0x00000000dae00000)
 ParOldGen       total 66048K, used 22812K [0x0000000081c00000, 0x0000000085c80000, 0x00000000d5f00000)
  object space 66048K, 34% used [0x0000000081c00000,0x0000000083247258,0x0000000085c80000)
 Metaspace       used 34684K, capacity 35195K, committed 35496K, reserved 1081344K
  class space    used 4367K, capacity 4506K, committed 4528K, reserved 1048576K
}
Event: 3.603 GC heap before
{Heap before GC invocations=8 (full 2):
 PSYoungGen      total 80384K, used 12093K [0x00000000d5f00000, 0x00000000dda80000, 0x0000000100000000)
  eden space 64512K, 0% used [0x00000000d5f00000,0x00000000d5f00000,0x00000000d9e00000)
  from space 15872K, 76% used [0x00000000dae00000,0x00000000db9cf628,0x00000000dbd80000)
  to   space 16384K, 0% used [0x00000000d9e00000,0x00000000d9e00000,0x00000000dae00000)
 ParOldGen       total 66048K, used 22812K [0x0000000081c00000, 0x0000000085c80000, 0x00000000d5f00000)
  object space 66048K, 34% used [0x0000000081c00000,0x0000000083247258,0x0000000085c80000)
 Metaspace       used 34684K, capacity 35195K, committed 35496K, reserved 1081344K
  class space    used 4367K, capacity 4506K, committed 4528K, reserved 1048576K
Event: 3.670 GC heap after
Heap after GC invocations=8 (full 2):
 PSYoungGen      total 80384K, used 0K [0x00000000d5f00000, 0x00000000dda80000, 0x0000000100000000)
  eden space 64512K, 0% used [0x00000000d5f00000,0x00000000d5f00000,0x00000000d9e00000)
  from space 15872K, 0% used [0x00000000dae00000,0x00000000dae00000,0x00000000dbd80000)
  to   space 16384K, 0% used [0x00000000d9e00000,0x00000000d9e00000,0x00000000dae00000)
 ParOldGen       total 66048K, used 20021K [0x0000000081c00000, 0x0000000085c80000, 0x00000000d5f00000)
  object space 66048K, 30% used [0x0000000081c00000,0x0000000082f8d770,0x0000000085c80000)
 Metaspace       used 34684K, capacity 35195K, committed 35496K, reserved 1081344K
  class space    used 4367K, capacity 4506K, committed 4528K, reserved 1048576K
}
Event: 4.635 GC heap before
{Heap before GC invocations=9 (full 2):
 PSYoungGen      total 80384K, used 64512K [0x00000000d5f00000, 0x00000000dda80000, 0x0000000100000000)
  eden space 64512K, 100% used [0x00000000d5f00000,0x00000000d9e00000,0x00000000d9e00000)
  from space 15872K, 0% used [0x00000000dae00000,0x00000000dae00000,0x00000000dbd80000)
  to   space 16384K, 0% used [0x00000000d9e00000,0x00000000d9e00000,0x00000000dae00000)
 ParOldGen       total 66048K, used 20021K [0x0000000081c00000, 0x0000000085c80000, 0x00000000d5f00000)
  object space 66048K, 30% used [0x0000000081c00000,0x0000000082f8d770,0x0000000085c80000)
 Metaspace       used 39974K, capacity 40666K, committed 41128K, reserved 1085440K
  class space    used 5031K, capacity 5196K, committed 5296K, reserved 1048576K
Event: 4.643 GC heap after
Heap after GC invocations=9 (full 2):
 PSYoungGen      total 80896K, used 12001K [0x00000000d5f00000, 0x00000000dd380000, 0x0000000100000000)
  eden space 64512K, 0% used [0x00000000d5f00000,0x00000000d5f00000,0x00000000d9e00000)
  from space 16384K, 73% used [0x00000000d9e00000,0x00000000da9b8478,0x00000000dae00000)
  to   space 15872K, 0% used [0x00000000dc400000,0x00000000dc400000,0x00000000dd380000)
 ParOldGen       total 66048K, used 20029K [0x0000000081c00000, 0x0000000085c80000, 0x00000000d5f00000)
  object space 66048K, 30% used [0x0000000081c00000,0x0000000082f8f770,0x0000000085c80000)
 Metaspace       used 39974K, capacity 40666K, committed 41128K, reserved 1085440K
  class space    used 5031K, capacity 5196K, committed 5296K, reserved 1048576K
}

