# JRE version: OpenJDK Runtime Environment (8.0_152-b06) (build 1.8.0_152-release-1136-b06)
# Java VM: OpenJDK 64-Bit Server VM (25.152-b06 mixed mode windows-amd64 compressed oops)
Heap:
 PSYoungGen      total 115712K, used 21721K [0x00000000e0000000, 0x00000000e7c80000, 0x0000000100000000)
  eden space 103936K, 9% used [0x00000000e0000000,0x00000000e09bb048,0x00000000e6580000)
  from space 11776K, 99% used [0x00000000e6580000,0x00000000e70fb3f8,0x00000000e7100000)
  to   space 10752K, 0% used [0x00000000e7200000,0x00000000e7200000,0x00000000e7c80000)
 ParOldGen       total 88064K, used 19799K [0x00000000a0000000, 0x00000000a5600000, 0x00000000e0000000)
  object space 88064K, 22% used [0x00000000a0000000,0x00000000a1355e70,0x00000000a5600000)
 Metaspace       used 48339K, capacity 49386K, committed 49576K, reserved 1091584K
  class space    used 6461K, capacity 6746K, committed 6832K, reserved 1048576K
GC Heap History (10 events):
Event: 10.066 GC heap before
{Heap before GC invocations=9 (full 1):
 PSYoungGen      total 70656K, used 67392K [0x00000000e0000000, 0x00000000e6300000, 0x0000000100000000)
  eden space 60416K, 100% used [0x00000000e0000000,0x00000000e3b00000,0x00000000e3b00000)
  from space 10240K, 68% used [0x00000000e3b00000,0x00000000e41d03c8,0x00000000e4500000)
  to   space 10240K, 0% used [0x00000000e5900000,0x00000000e5900000,0x00000000e6300000)
 ParOldGen       total 59392K, used 8137K [0x00000000a0000000, 0x00000000a3a00000, 0x00000000e0000000)
  object space 59392K, 13% used [0x00000000a0000000,0x00000000a07f2460,0x00000000a3a00000)
 Metaspace       used 31376K, capacity 31876K, committed 32304K, reserved 1077248K
  class space    used 4391K, capacity 4541K, committed 4656K, reserved 1048576K
Event: 10.081 GC heap after
Heap after GC invocations=9 (full 1):
 PSYoungGen      total 90112K, used 9948K [0x00000000e0000000, 0x00000000e6e80000, 0x0000000100000000)
  eden space 79872K, 0% used [0x00000000e0000000,0x00000000e0000000,0x00000000e4e00000)
  from space 10240K, 97% used [0x00000000e5900000,0x00000000e62b72d8,0x00000000e6300000)
  to   space 11264K, 0% used [0x00000000e4e00000,0x00000000e4e00000,0x00000000e5900000)
 ParOldGen       total 59392K, used 8145K [0x00000000a0000000, 0x00000000a3a00000, 0x00000000e0000000)
  object space 59392K, 13% used [0x00000000a0000000,0x00000000a07f4460,0x00000000a3a00000)
 Metaspace       used 31376K, capacity 31876K, committed 32304K, reserved 1077248K
  class space    used 4391K, capacity 4541K, committed 4656K, reserved 1048576K
}
Event: 10.637 GC heap before
{Heap before GC invocations=10 (full 1):
 PSYoungGen      total 90112K, used 26004K [0x00000000e0000000, 0x00000000e6e80000, 0x0000000100000000)
  eden space 79872K, 20% used [0x00000000e0000000,0x00000000e0fadd30,0x00000000e4e00000)
  from space 10240K, 97% used [0x00000000e5900000,0x00000000e62b72d8,0x00000000e6300000)
  to   space 11264K, 0% used [0x00000000e4e00000,0x00000000e4e00000,0x00000000e5900000)
 ParOldGen       total 59392K, used 8145K [0x00000000a0000000, 0x00000000a3a00000, 0x00000000e0000000)
  object space 59392K, 13% used [0x00000000a0000000,0x00000000a07f4460,0x00000000a3a00000)
 Metaspace       used 34777K, capacity 35356K, committed 35496K, reserved 1079296K
  class space    used 4807K, capacity 5000K, committed 5040K, reserved 1048576K
Event: 10.647 GC heap after
Heap after GC invocations=10 (full 1):
 PSYoungGen      total 91136K, used 8945K [0x00000000e0000000, 0x00000000e7d80000, 0x0000000100000000)
  eden space 79872K, 0% used [0x00000000e0000000,0x00000000e0000000,0x00000000e4e00000)
  from space 11264K, 79% used [0x00000000e4e00000,0x00000000e56bc6a0,0x00000000e5900000)
  to   space 11776K, 0% used [0x00000000e7200000,0x00000000e7200000,0x00000000e7d80000)
 ParOldGen       total 59392K, used 8153K [0x00000000a0000000, 0x00000000a3a00000, 0x00000000e0000000)
  object space 59392K, 13% used [0x00000000a0000000,0x00000000a07f6460,0x00000000a3a00000)
 Metaspace       used 34777K, capacity 35356K, committed 35496K, reserved 1079296K
  class space    used 4807K, capacity 5000K, committed 5040K, reserved 1048576K
}
Event: 10.647 GC heap before
{Heap before GC invocations=11 (full 2):
 PSYoungGen      total 91136K, used 8945K [0x00000000e0000000, 0x00000000e7d80000, 0x0000000100000000)
  eden space 79872K, 0% used [0x00000000e0000000,0x00000000e0000000,0x00000000e4e00000)
  from space 11264K, 79% used [0x00000000e4e00000,0x00000000e56bc6a0,0x00000000e5900000)
  to   space 11776K, 0% used [0x00000000e7200000,0x00000000e7200000,0x00000000e7d80000)
 ParOldGen       total 59392K, used 8153K [0x00000000a0000000, 0x00000000a3a00000, 0x00000000e0000000)
  object space 59392K, 13% used [0x00000000a0000000,0x00000000a07f6460,0x00000000a3a00000)
 Metaspace       used 34777K, capacity 35356K, committed 35496K, reserved 1079296K
  class space    used 4807K, capacity 5000K, committed 5040K, reserved 1048576K
Event: 10.720 GC heap after
Heap after GC invocations=11 (full 2):
 PSYoungGen      total 91136K, used 0K [0x00000000e0000000, 0x00000000e7d80000, 0x0000000100000000)
  eden space 79872K, 0% used [0x00000000e0000000,0x00000000e0000000,0x00000000e4e00000)
  from space 11264K, 0% used [0x00000000e4e00000,0x00000000e4e00000,0x00000000e5900000)
  to   space 11776K, 0% used [0x00000000e7200000,0x00000000e7200000,0x00000000e7d80000)
 ParOldGen       total 88064K, used 15394K [0x00000000a0000000, 0x00000000a5600000, 0x00000000e0000000)
  object space 88064K, 17% used [0x00000000a0000000,0x00000000a0f08b68,0x00000000a5600000)
 Metaspace       used 34777K, capacity 35356K, committed 35496K, reserved 1079296K
  class space    used 4807K, capacity 5000K, committed 5040K, reserved 1048576K
}
Event: 12.282 GC heap before
{Heap before GC invocations=12 (full 2):
 PSYoungGen      total 91136K, used 79872K [0x00000000e0000000, 0x00000000e7d80000, 0x0000000100000000)
  eden space 79872K, 100% used [0x00000000e0000000,0x00000000e4e00000,0x00000000e4e00000)
  from space 11264K, 0% used [0x00000000e4e00000,0x00000000e4e00000,0x00000000e5900000)
  to   space 11776K, 0% used [0x00000000e7200000,0x00000000e7200000,0x00000000e7d80000)
 ParOldGen       total 88064K, used 15394K [0x00000000a0000000, 0x00000000a5600000, 0x00000000e0000000)
  object space 88064K, 17% used [0x00000000a0000000,0x00000000a0f08b68,0x00000000a5600000)
 Metaspace       used 39407K, capacity 40048K, committed 40488K, reserved 1083392K
  class space    used 5367K, capacity 5598K, committed 5680K, reserved 1048576K
Event: 12.292 GC heap after
Heap after GC invocations=12 (full 2):
 PSYoungGen      total 114688K, used 7922K [0x00000000e0000000, 0x00000000e7c80000, 0x0000000100000000)
  eden space 103936K, 0% used [0x00000000e0000000,0x00000000e0000000,0x00000000e6580000)
  from space 10752K, 73% used [0x00000000e7200000,0x00000000e79bcb90,0x00000000e7c80000)
  to   space 11776K, 0% used [0x00000000e6580000,0x00000000e6580000,0x00000000e7100000)
 ParOldGen       total 88064K, used 15402K [0x00000000a0000000, 0x00000000a5600000, 0x00000000e0000000)
  object space 88064K, 17% used [0x00000000a0000000,0x00000000a0f0ab68,0x00000000a5600000)
 Metaspace       used 39407K, capacity 40048K, committed 40488K, reserved 1083392K
  class space    used 5367K, capacity 5598K, committed 5680K, reserved 1048576K
}
Event: 15.916 GC heap before
{Heap before GC invocations=13 (full 2):
 PSYoungGen      total 114688K, used 111858K [0x00000000e0000000, 0x00000000e7c80000, 0x0000000100000000)
  eden space 103936K, 100% used [0x00000000e0000000,0x00000000e6580000,0x00000000e6580000)
  from space 10752K, 73% used [0x00000000e7200000,0x00000000e79bcb90,0x00000000e7c80000)
  to   space 11776K, 0% used [0x00000000e6580000,0x00000000e6580000,0x00000000e7100000)
 ParOldGen       total 88064K, used 15402K [0x00000000a0000000, 0x00000000a5600000, 0x00000000e0000000)
  object space 88064K, 17% used [0x00000000a0000000,0x00000000a0f0ab68,0x00000000a5600000)
 Metaspace       used 47654K, capacity 48592K, committed 48936K, reserved 1091584K
  class space    used 6404K, capacity 6679K, committed 6704K, reserved 1048576K
Event: 15.926 GC heap after
Heap after GC invocations=13 (full 2):
 PSYoungGen      total 115712K, used 11756K [0x00000000e0000000, 0x00000000e7c80000, 0x0000000100000000)
  eden space 103936K, 0% used [0x00000000e0000000,0x00000000e0000000,0x00000000e6580000)
  from space 11776K, 99% used [0x00000000e6580000,0x00000000e70fb3f8,0x00000000e7100000)
  to   space 10752K, 0% used [0x00000000e7200000,0x00000000e7200000,0x00000000e7c80000)
 ParOldGen       total 88064K, used 19799K [0x00000000a0000000, 0x00000000a5600000, 0x00000000e0000000)
  object space 88064K, 22% used [0x00000000a0000000,0x00000000a1355e70,0x00000000a5600000)
 Metaspace       used 47654K, capacity 48592K, committed 48936K, reserved 1091584K
  class space    used 6404K, capacity 6679K, committed 6704K, reserved 1048576K
}

