# JRE version: OpenJDK Runtime Environment (8.0_152-b06) (build 1.8.0_152-release-1136-b06)
# Java VM: OpenJDK 64-Bit Server VM (25.152-b06 mixed mode windows-amd64 compressed oops)
Heap:
 PSYoungGen      total 279040K, used 116642K [0x00000000e0000000, 0x00000000f6080000, 0x0000000100000000)
  eden space 231936K, 44% used [0x00000000e0000000,0x00000000e64c1338,0x00000000ee280000)
  from space 47104K, 28% used [0x00000000ee280000,0x00000000eefa7660,0x00000000f1080000)
  to   space 45568K, 0% used [0x00000000f3400000,0x00000000f3400000,0x00000000f6080000)
 ParOldGen       total 247296K, used 89937K [0x00000000a0000000, 0x00000000af180000, 0x00000000e0000000)
  object space 247296K, 36% used [0x00000000a0000000,0x00000000a57d4628,0x00000000af180000)
 Metaspace       used 95313K, capacity 100595K, committed 100812K, reserved 1136640K
  class space    used 12129K, capacity 13145K, committed 13300K, reserved 1048576K
GC Heap History (10 events):
Event: 331.995 GC heap before
{Heap before GC invocations=23 (full 3):
 PSYoungGen      total 235008K, used 109172K [0x00000000e0000000, 0x00000000f1d00000, 0x0000000100000000)
  eden space 198656K, 36% used [0x00000000e0000000,0x00000000e47482e0,0x00000000ec200000)
  from space 36352K, 99% used [0x00000000ec880000,0x00000000eebd5108,0x00000000eec00000)
  to   space 46592K, 0% used [0x00000000eef80000,0x00000000eef80000,0x00000000f1d00000)
 ParOldGen       total 153088K, used 108391K [0x00000000a0000000, 0x00000000a9580000, 0x00000000e0000000)
  object space 153088K, 70% used [0x00000000a0000000,0x00000000a69d9f20,0x00000000a9580000)
 Metaspace       used 93381K, capacity 98263K, committed 98380K, reserved 1134592K
  class space    used 12013K, capacity 13057K, committed 13172K, reserved 1048576K
Event: 332.023 GC heap after
Heap after GC invocations=23 (full 3):
 PSYoungGen      total 243712K, used 32517K [0x00000000e0000000, 0x00000000f4480000, 0x0000000100000000)
  eden space 197120K, 0% used [0x00000000e0000000,0x00000000e0000000,0x00000000ec080000)
  from space 46592K, 69% used [0x00000000eef80000,0x00000000f0f415e0,0x00000000f1d00000)
  to   space 48128K, 0% used [0x00000000ec080000,0x00000000ec080000,0x00000000eef80000)
 ParOldGen       total 153088K, used 108399K [0x00000000a0000000, 0x00000000a9580000, 0x00000000e0000000)
  object space 153088K, 70% used [0x00000000a0000000,0x00000000a69dbf20,0x00000000a9580000)
 Metaspace       used 93381K, capacity 98263K, committed 98380K, reserved 1134592K
  class space    used 12013K, capacity 13057K, committed 13172K, reserved 1048576K
}
Event: 332.024 GC heap before
{Heap before GC invocations=24 (full 4):
 PSYoungGen      total 243712K, used 32517K [0x00000000e0000000, 0x00000000f4480000, 0x0000000100000000)
  eden space 197120K, 0% used [0x00000000e0000000,0x00000000e0000000,0x00000000ec080000)
  from space 46592K, 69% used [0x00000000eef80000,0x00000000f0f415e0,0x00000000f1d00000)
  to   space 48128K, 0% used [0x00000000ec080000,0x00000000ec080000,0x00000000eef80000)
 ParOldGen       total 153088K, used 108399K [0x00000000a0000000, 0x00000000a9580000, 0x00000000e0000000)
  object space 153088K, 70% used [0x00000000a0000000,0x00000000a69dbf20,0x00000000a9580000)
 Metaspace       used 93381K, capacity 98263K, committed 98380K, reserved 1134592K
  class space    used 12013K, capacity 13057K, committed 13172K, reserved 1048576K
Event: 332.308 GC heap after
Heap after GC invocations=24 (full 4):
 PSYoungGen      total 243712K, used 0K [0x00000000e0000000, 0x00000000f4480000, 0x0000000100000000)
  eden space 197120K, 0% used [0x00000000e0000000,0x00000000e0000000,0x00000000ec080000)
  from space 46592K, 0% used [0x00000000eef80000,0x00000000eef80000,0x00000000f1d00000)
  to   space 48128K, 0% used [0x00000000ec080000,0x00000000ec080000,0x00000000eef80000)
 ParOldGen       total 247296K, used 89913K [0x00000000a0000000, 0x00000000af180000, 0x00000000e0000000)
  object space 247296K, 36% used [0x00000000a0000000,0x00000000a57ce628,0x00000000af180000)
 Metaspace       used 92904K, capacity 97163K, committed 98380K, reserved 1134592K
  class space    used 11840K, capacity 12759K, committed 13172K, reserved 1048576K
}
Event: 332.760 GC heap before
{Heap before GC invocations=25 (full 4):
 PSYoungGen      total 243712K, used 197120K [0x00000000e0000000, 0x00000000f4480000, 0x0000000100000000)
  eden space 197120K, 100% used [0x00000000e0000000,0x00000000ec080000,0x00000000ec080000)
  from space 46592K, 0% used [0x00000000eef80000,0x00000000eef80000,0x00000000f1d00000)
  to   space 48128K, 0% used [0x00000000ec080000,0x00000000ec080000,0x00000000eef80000)
 ParOldGen       total 247296K, used 89913K [0x00000000a0000000, 0x00000000af180000, 0x00000000e0000000)
  object space 247296K, 36% used [0x00000000a0000000,0x00000000a57ce628,0x00000000af180000)
 Metaspace       used 93061K, capacity 97325K, committed 98636K, reserved 1134592K
  class space    used 11845K, capacity 12760K, committed 13172K, reserved 1048576K
Event: 332.771 GC heap after
Heap after GC invocations=25 (full 4):
 PSYoungGen      total 245248K, used 6096K [0x00000000e0000000, 0x00000000f4600000, 0x0000000100000000)
  eden space 197120K, 0% used [0x00000000e0000000,0x00000000e0000000,0x00000000ec080000)
  from space 48128K, 12% used [0x00000000ec080000,0x00000000ec674010,0x00000000eef80000)
  to   space 48640K, 0% used [0x00000000f1680000,0x00000000f1680000,0x00000000f4600000)
 ParOldGen       total 247296K, used 89921K [0x00000000a0000000, 0x00000000af180000, 0x00000000e0000000)
  object space 247296K, 36% used [0x00000000a0000000,0x00000000a57d0628,0x00000000af180000)
 Metaspace       used 93061K, capacity 97325K, committed 98636K, reserved 1134592K
  class space    used 11845K, capacity 12760K, committed 13172K, reserved 1048576K
}
Event: 335.629 GC heap before
{Heap before GC invocations=26 (full 4):
 PSYoungGen      total 245248K, used 203216K [0x00000000e0000000, 0x00000000f4600000, 0x0000000100000000)
  eden space 197120K, 100% used [0x00000000e0000000,0x00000000ec080000,0x00000000ec080000)
  from space 48128K, 12% used [0x00000000ec080000,0x00000000ec674010,0x00000000eef80000)
  to   space 48640K, 0% used [0x00000000f1680000,0x00000000f1680000,0x00000000f4600000)
 ParOldGen       total 247296K, used 89921K [0x00000000a0000000, 0x00000000af180000, 0x00000000e0000000)
  object space 247296K, 36% used [0x00000000a0000000,0x00000000a57d0628,0x00000000af180000)
 Metaspace       used 94495K, capacity 99595K, committed 99916K, reserved 1136640K
  class space    used 12058K, capacity 13039K, committed 13172K, reserved 1048576K
Event: 335.639 GC heap after
Heap after GC invocations=26 (full 4):
 PSYoungGen      total 272896K, used 11818K [0x00000000e0000000, 0x00000000f3e80000, 0x0000000100000000)
  eden space 231936K, 0% used [0x00000000e0000000,0x00000000e0000000,0x00000000ee280000)
  from space 40960K, 28% used [0x00000000f1680000,0x00000000f220a8c0,0x00000000f3e80000)
  to   space 47104K, 0% used [0x00000000ee280000,0x00000000ee280000,0x00000000f1080000)
 ParOldGen       total 247296K, used 89929K [0x00000000a0000000, 0x00000000af180000, 0x00000000e0000000)
  object space 247296K, 36% used [0x00000000a0000000,0x00000000a57d2628,0x00000000af180000)
 Metaspace       used 94495K, capacity 99595K, committed 99916K, reserved 1136640K
  class space    used 12058K, capacity 13039K, committed 13172K, reserved 1048576K
}
Event: 336.754 GC heap before
{Heap before GC invocations=27 (full 4):
 PSYoungGen      total 272896K, used 243624K [0x00000000e0000000, 0x00000000f3e80000, 0x0000000100000000)
  eden space 231936K, 99% used [0x00000000e0000000,0x00000000ee25f8a8,0x00000000ee280000)
  from space 40960K, 28% used [0x00000000f1680000,0x00000000f220a8c0,0x00000000f3e80000)
  to   space 47104K, 0% used [0x00000000ee280000,0x00000000ee280000,0x00000000f1080000)
 ParOldGen       total 247296K, used 89929K [0x00000000a0000000, 0x00000000af180000, 0x00000000e0000000)
  object space 247296K, 36% used [0x00000000a0000000,0x00000000a57d2628,0x00000000af180000)
 Metaspace       used 94740K, capacity 99873K, committed 100172K, reserved 1136640K
  class space    used 12074K, capacity 13052K, committed 13172K, reserved 1048576K
Event: 336.767 GC heap after
Heap after GC invocations=27 (full 4):
 PSYoungGen      total 279040K, used 13469K [0x00000000e0000000, 0x00000000f6080000, 0x0000000100000000)
  eden space 231936K, 0% used [0x00000000e0000000,0x00000000e0000000,0x00000000ee280000)
  from space 47104K, 28% used [0x00000000ee280000,0x00000000eefa7660,0x00000000f1080000)
  to   space 45568K, 0% used [0x00000000f3400000,0x00000000f3400000,0x00000000f6080000)
 ParOldGen       total 247296K, used 89937K [0x00000000a0000000, 0x00000000af180000, 0x00000000e0000000)
  object space 247296K, 36% used [0x00000000a0000000,0x00000000a57d4628,0x00000000af180000)
 Metaspace       used 94740K, capacity 99873K, committed 100172K, reserved 1136640K
  class space    used 12074K, capacity 13052K, committed 13172K, reserved 1048576K
}

